11-14-2019 @ 13:38:48 - 
----------
PayFast ITN call received
----------
11-14-2019 @ 13:38:48 - Get posted data
11-14-2019 @ 13:38:48 - PayFast Data: Array
(
    [m_payment_id] => 171
    [pf_payment_id] => 928718
    [payment_status] => COMPLETE
    [item_name] => Moxie Kids - 171
    [item_description] => New order from Moxie Kids
    [amount_gross] => 245.00
    [amount_fee] => -13.29
    [amount_net] => 231.71
    [custom_str1] => wc_order_EHnCs2E3KgwnI
    [custom_str2] => WooCommerce/3.8.0; http://www.moxiekids.co.za
    [custom_str3] => 171
    [custom_str4] => 
    [custom_str5] => 
    [custom_int1] => 
    [custom_int2] => 
    [custom_int3] => 
    [custom_int4] => 
    [custom_int5] => 
    [name_first] => test
    [name_last] => test
    [email_address] => nichlloyd@gmail.com
    [merchant_id] => 10015137
    [token] => bad0d11b-2245-51f8-9f20-52def0738069
    [billing_date] => 2019-11-14
    [signature] => f948369775876358d581e2d96a4572c4
)

11-14-2019 @ 13:38:48 - Verify security signature
11-14-2019 @ 13:38:48 - Signature = valid
11-14-2019 @ 13:38:48 - Verify data received
11-14-2019 @ 13:38:48 - Host = https://sandbox.payfast.co.za/eng/query/validate
11-14-2019 @ 13:38:48 - Params = Array
(
    [m_payment_id] => 171
    [pf_payment_id] => 928718
    [payment_status] => COMPLETE
    [item_name] => Moxie Kids - 171
    [item_description] => New order from Moxie Kids
    [amount_gross] => 245.00
    [amount_fee] => -13.29
    [amount_net] => 231.71
    [custom_str1] => wc_order_EHnCs2E3KgwnI
    [custom_str2] => WooCommerce/3.8.0; http://www.moxiekids.co.za
    [custom_str3] => 171
    [custom_str4] => 
    [custom_str5] => 
    [custom_int1] => 
    [custom_int2] => 
    [custom_int3] => 
    [custom_int4] => 
    [custom_int5] => 
    [name_first] => test
    [name_last] => test
    [email_address] => nichlloyd@gmail.com
    [merchant_id] => 10015137
    [token] => bad0d11b-2245-51f8-9f20-52def0738069
    [billing_date] => 2019-11-14
)

11-14-2019 @ 13:38:49 - Response:
Array
(
    [VALID] => 
)

11-14-2019 @ 13:38:49 - Check data against internal order
11-14-2019 @ 13:38:49 - Order Details:
customer id:1
order id:   171
parent id:  0
status:     pending
total:      245.00
currency:   ZAR
key:        wc_order_EHnCs2E3KgwnI
11-14-2019 @ 13:38:49 - Check status and update order
11-14-2019 @ 13:38:49 - - Complete
11-14-2019 @ 13:38:50 - 
----------
End ITN call
----------
