01-12-2024 @ 09:37:19 - 3.1.0 - No subscription webhooks found using API version 3. No updates needed.
01-12-2024 @ 09:37:19 - 6.7.0 upgrade complete from Subscriptions v3.0.10 while WooCommerce WC_VERSION 8.4.0 and database version 4.7.3 was active.
01-12-2024 @ 09:37:19 - Environment info:
01-12-2024 @ 09:37:19 -     WordPress Version : 6.4.2
01-12-2024 @ 09:37:19 - Active Plugins:
01-12-2024 @ 09:37:19 -     Akismet Anti-spam: Spam Protection by Automattic - Anti-spam Team – 5.3
01-12-2024 @ 09:37:19 -     Child Theme Configurator by Lilaea Media – 2.6.3
01-12-2024 @ 09:37:19 -     Facebook for WooCommerce by Facebook – 3.1.9
01-12-2024 @ 09:37:19 -     Font Awesome by Font Awesome – 4.4.0
01-12-2024 @ 09:37:19 -     Hello Dolly by Matt Mullenweg – 1.7.2
01-12-2024 @ 09:37:19 -     Jetpack by Automattic – 13.0
01-12-2024 @ 09:37:19 -     Quick Page/Post Redirect Plugin by anadnet – 5.2.3
01-12-2024 @ 09:37:19 -     Use Any Font by Dnesscarkey – 6.3.05
01-12-2024 @ 09:37:19 -     WC Hide Shipping Methods by Rynaldo Stoltz – 1.5
01-12-2024 @ 09:37:19 -     Abandoned Cart Lite for WooCommerce by Tyche Softwares – 5.17.0
01-12-2024 @ 09:37:19 -     WooCommerce Admin by WooCommerce – 1.6.4
01-12-2024 @ 09:37:19 -     WooCommerce Payfast Gateway by WooCommerce – 1.6.1
01-12-2024 @ 09:37:19 -     Woo Subscriptions by WooCommerce – 5.9.0
01-12-2024 @ 09:37:19 -     WooCommerce by Automattic – 8.4.0
01-12-2024 @ 09:37:19 -     Yoast SEO by Team Yoast – 21.8
